<?xml version="1.0" encoding="UTF-8"?>
<!-- Generated by org.testng.reporters.JUnitReportReporter -->
<testsuite hostname="Gauravs-Macbook-Air.local" failures="0" tests="1" name="bikeTest.menuTest" time="15.517" errors="0" timestamp="2024-05-09T12:09:53 IST" skipped="0">
  <testcase classname="bikeTest.menuTest" name="test3" time="15.517"/>
  <system-out/>
</testsuite> <!-- bikeTest.menuTest -->
