<?xml version="1.0" encoding="UTF-8"?>
<!-- Generated by org.testng.reporters.JUnitReportReporter -->
<testsuite hostname="Gauravs-Macbook-Air.local" failures="0" tests="1" name="bikeTest.storeClass" time="18.070" errors="0" timestamp="2024-05-08T21:01:44 IST" skipped="0">
  <testcase classname="bikeTest.storeClass" name="test4" time="18.070"/>
  <system-out/>
</testsuite> <!-- bikeTest.storeClass -->
