<?xml version="1.0" encoding="UTF-8"?>
<!-- Generated by org.testng.reporters.JUnitReportReporter -->
<testsuite hostname="Gauravs-Macbook-Air.local" failures="0" tests="1" name="bikeTest.bikeTestClass" time="38.209" errors="0" timestamp="2024-06-15T14:05:05 IST" skipped="0">
  <testcase classname="bikeTest.bikeTestClass" name="test1" time="38.209"/>
  <system-out/>
</testsuite> <!-- bikeTest.bikeTestClass -->
