<?xml version="1.0" encoding="UTF-8"?>
<!-- Generated by org.testng.reporters.JUnitReportReporter -->
<testsuite hostname="Gauravs-Macbook-Air.local" failures="0" tests="1" name="bikeTest.offerClass" time="11.458" errors="0" timestamp="2024-05-08T20:42:56 IST" skipped="0">
  <testcase classname="bikeTest.offerClass" name="test4" time="11.458"/>
  <system-out/>
</testsuite> <!-- bikeTest.offerClass -->
